<?xml version="1.0" encoding="UTF-8"?>
<testsuite name="com.bridgelabz.Quantity.QuantityTest" tests="1" skipped="0" failures="0" errors="0" timestamp="2020-04-26T11:02:25" hostname="DESKTOP-ECJSPHG" time="0.004">
  <properties/>
  <testcase name="givenInchValueCheckForEquality" classname="com.bridgelabz.Quantity.QuantityTest" time="0.004"/>
  <system-out><![CDATA[]]></system-out>
  <system-err><![CDATA[]]></system-err>
</testsuite>
