<?xml version="1.0" encoding="UTF-8"?>
<testsuite name="com.bridgelabz.Quantity.QuantityTest" tests="26" skipped="0" failures="0" errors="0" timestamp="2020-04-28T06:49:24" hostname="DESKTOP-ECJSPHG" time="0.056">
  <properties/>
  <testcase name="given36Inchand1Yard_WhenComapred_ShouldReturnEqualLength" classname="com.bridgelabz.Quantity.QuantityTest" time="0.004"/>
  <testcase name="given1Feetand1Yard_WhenComapred_ShouldReturnNotEqualLength" classname="com.bridgelabz.Quantity.QuantityTest" time="0.0"/>
  <testcase name="givenValueCheckForEquality" classname="com.bridgelabz.Quantity.QuantityTest" time="0.002"/>
  <testcase name="given1YardAnd36Inch_WhenCompared_ShouldReturnEqual" classname="com.bridgelabz.Quantity.QuantityTest" time="0.001"/>
  <testcase name="given1Inchand1Yard_WhenComapred_ShouldReturnNotEqualLength" classname="com.bridgelabz.Quantity.QuantityTest" time="0.0"/>
  <testcase name="given1InchAnd1Feet_WhenCompared_ShouldReturnNotEqual" classname="com.bridgelabz.Quantity.QuantityTest" time="0.001"/>
  <testcase name="givenInchObjectReferences_IFNotSame_ShouldReturnTrue" classname="com.bridgelabz.Quantity.QuantityTest" time="0.0"/>
  <testcase name="given0FeetAnd0Inch_ShouldReturnEqualLength" classname="com.bridgelabz.Quantity.QuantityTest" time="0.0"/>
  <testcase name="given1FeetAnd1Feet_WhenComapared_ShouldReturnEqualLength" classname="com.bridgelabz.Quantity.QuantityTest" time="0.0"/>
  <testcase name="givenInch_IfNotNull_ShouldReturnTrue" classname="com.bridgelabz.Quantity.QuantityTest" time="0.0"/>
  <testcase name="given1yardand3Feet_WhenComapred_ShouldReturnEqualLength" classname="com.bridgelabz.Quantity.QuantityTest" time="0.0"/>
  <testcase name="given0Inchand1Inch_ShouldReturnNotEqual" classname="com.bridgelabz.Quantity.QuantityTest" time="0.001"/>
  <testcase name="given1FeetAnd1Inch_ShouldReturnNotEqual" classname="com.bridgelabz.Quantity.QuantityTest" time="0.0"/>
  <testcase name="given0Inchand0Inch_ShouldReturnEqual" classname="com.bridgelabz.Quantity.QuantityTest" time="0.001"/>
  <testcase name="given12InchAnd1Feet_WhenCompared_ShouldReturnEqual" classname="com.bridgelabz.Quantity.QuantityTest" time="0.001"/>
  <testcase name="givenObjectReferences_IFNotSame_ShouldReturnTrue" classname="com.bridgelabz.Quantity.QuantityTest" time="0.001"/>
  <testcase name="given1FeetAnd1Inch_ShouldReturnEqualLength" classname="com.bridgelabz.Quantity.QuantityTest" time="0.001"/>
  <testcase name="given1FeetAnd12Inch_WhenCompared_ShouldReturnEqual" classname="com.bridgelabz.Quantity.QuantityTest" time="0.0"/>
  <testcase name="givenFeet_IfNotNull_ShouldReturnTrue" classname="com.bridgelabz.Quantity.QuantityTest" time="0.0"/>
  <testcase name="givenInchObject_CheckType_OfFeetClass" classname="com.bridgelabz.Quantity.QuantityTest" time="0.007"/>
  <testcase name="given0Feetand1Feet_ShouldReturnNotEqual" classname="com.bridgelabz.Quantity.QuantityTest" time="0.001"/>
  <testcase name="givenInchValueCheckForEquality" classname="com.bridgelabz.Quantity.QuantityTest" time="0.001"/>
  <testcase name="givenObject_CheckType_OfFeetClass" classname="com.bridgelabz.Quantity.QuantityTest" time="0.0"/>
  <testcase name="given1FeetAnd1Inch_WhenCompared_ShouldReturnNotEqual" classname="com.bridgelabz.Quantity.QuantityTest" time="0.003"/>
  <testcase name="given0Feetand0Feet_ShouldReturnEqual" classname="com.bridgelabz.Quantity.QuantityTest" time="0.0"/>
  <testcase name="given3FeetAnd1Yard_WhenCompared_ShouldReturnEqualLength" classname="com.bridgelabz.Quantity.QuantityTest" time="0.001"/>
  <system-out><![CDATA[]]></system-out>
  <system-err><![CDATA[]]></system-err>
</testsuite>
