<?xml version="1.0" encoding="UTF-8"?>
<testsuite name="com.bridgelabz.Quantity.QuantityTest" tests="1" skipped="0" failures="0" errors="0" timestamp="2020-04-28T06:59:29" hostname="DESKTOP-ECJSPHG" time="0.012">
  <properties/>
  <testcase name="given2InchAnd5CentiMeter_WhenCompared_ShoudReturnEqual" classname="com.bridgelabz.Quantity.QuantityTest" time="0.012"/>
  <system-out><![CDATA[]]></system-out>
  <system-err><![CDATA[]]></system-err>
</testsuite>
