<?xml version="1.0" encoding="UTF-8"?>
<testsuite name="com.bridgelabz.Quantity.QuantityTest" tests="1" skipped="0" failures="0" errors="0" timestamp="2020-04-28T07:33:07" hostname="DESKTOP-ECJSPHG" time="0.005">
  <properties/>
  <testcase name="given2InchAnd2andHalfCentimeter_WhenAdded_ShouldReturnInInch" classname="com.bridgelabz.Quantity.QuantityTest" time="0.005"/>
  <system-out><![CDATA[]]></system-out>
  <system-err><![CDATA[]]></system-err>
</testsuite>
