<?xml version="1.0" encoding="UTF-8"?>
<testsuite name="com.bridgelabz.Quantity.QuantityTest" tests="1" skipped="0" failures="0" errors="0" timestamp="2020-04-26T20:17:33" hostname="DESKTOP-ECJSPHG" time="0.005">
  <properties/>
  <testcase name="given1InchAnd1Feet_WhenCompared_ShouldReturnNotEqual" classname="com.bridgelabz.Quantity.QuantityTest" time="0.005"/>
  <system-out><![CDATA[]]></system-out>
  <system-err><![CDATA[]]></system-err>
</testsuite>
